<?xml version="1.0" encoding="UTF-8"?>
<!-- Generated by org.testng.reporters.JUnitReportReporter -->
<testsuite hostname="mirketa-siddharth" failures="0" tests="1" name="TestNGSuite.TestngLearning" time="0.009" errors="0" timestamp="2020-09-15T20:23:19 IST" skipped="0">
  <testcase classname="TestNGSuite.TestngLearning" name="method5" time="0.009"/>
  <system-out/>
</testsuite> <!-- TestNGSuite.TestngLearning -->
