<?xml version="1.0" encoding="UTF-8"?>
<!-- Generated by org.testng.reporters.JUnitReportReporter -->
<testsuite hostname="mirketa-siddharth" failures="0" tests="12" name="TestNGSuite.TestNgClass1" time="2.604" errors="0" timestamp="2020-09-19T00:06:07 IST" skipped="0">
  <testcase classname="TestNGSuite.TestNgClass1" name="Capture" time="0.020"/>
  <system-out/>
  <testcase classname="TestNGSuite.TestNgClass1" name="Capture" time="0.013"/>
  <system-out/>
  <testcase classname="TestNGSuite.TestNgClass1" name="Capture" time="0.004"/>
  <system-out/>
  <testcase classname="TestNGSuite.TestNgClass1" name="Capture" time="0.002"/>
  <system-out/>
  <testcase classname="TestNGSuite.TestNgClass1" name="FindElement" time="0.337"/>
  <system-out/>
  <testcase classname="TestNGSuite.TestNgClass1" name="Capture" time="0.003"/>
  <system-out/>
  <testcase classname="TestNGSuite.TestNgClass1" name="Capture" time="0.008"/>
  <system-out/>
  <testcase classname="TestNGSuite.TestNgClass1" name="Capture" time="0.003"/>
  <system-out/>
  <testcase classname="TestNGSuite.TestNgClass1" name="Capture" time="0.004"/>
  <system-out/>
  <testcase classname="TestNGSuite.TestNgClass1" name="Capture" time="0.004"/>
  <system-out/>
  <testcase classname="TestNGSuite.TestNgClass1" name="Capture" time="0.014"/>
  <system-out/>
  <testcase classname="TestNGSuite.TestNgClass1" name="maximizeWindow" time="2.192"/>
  <system-out/>
</testsuite> <!-- TestNGSuite.TestNgClass1 -->
