<?xml version="1.0" encoding="UTF-8"?>
<!-- Generated by org.testng.reporters.JUnitReportReporter -->
<testsuite hostname="mirketa-siddharth" failures="0" tests="1" name="TestNGSuite.GmailClean" time="9.440" errors="0" timestamp="2020-09-19T13:09:14 IST" skipped="0">
  <testcase classname="TestNGSuite.GmailClean" name="Setup1" time="9.440"/>
  <system-out/>
</testsuite> <!-- TestNGSuite.GmailClean -->
