<?xml version="1.0" encoding="UTF-8"?>
<!-- Generated by org.testng.reporters.JUnitReportReporter -->
<testsuite hostname="mirketa-siddharth" failures="0" tests="1" name="Urgent.Class1" time="13.238" errors="0" timestamp="2020-12-25T16:53:18 IST" skipped="0">
  <testcase classname="Urgent.Class1" name="LoginSF" time="13.238"/>
  <system-out/>
</testsuite> <!-- Urgent.Class1 -->
