<?xml version="1.0" encoding="UTF-8"?>
<!-- Generated by org.testng.reporters.JUnitReportReporter -->
<testsuite hostname="mirketa-siddharth" failures="0" tests="8" name="SFProject.SW" time="88.703" errors="0" timestamp="2020-10-02T20:48:34 IST" skipped="0">
  <testcase classname="SFProject.SW" name="LoginToDSM" time="14.510"/>
  <system-out/>
  <testcase classname="SFProject.SW" name="Hamberger" time="48.757"/>
  <system-out/>
  <testcase classname="SFProject.SW" name="SearchAndMergeTab" time="10.150"/>
  <system-out/>
  <testcase classname="SFProject.SW" name="VerifyText1" time="6.587"/>
  <system-out/>
  <testcase classname="SFProject.SW" name="VerifyText2" time="3.076"/>
  <system-out/>
  <testcase classname="SFProject.SW" name="VerifyText3" time="3.097"/>
  <system-out/>
  <testcase classname="SFProject.SW" name="VerifyItalicsText4" time="2.082"/>
  <system-out/>
  <testcase classname="SFProject.SW" name="ListOfObjects" time="0.444"/>
  <system-out/>
</testsuite> <!-- SFProject.SW -->
